   ▲ Next.js 16.0.10 (webpack)
   - Environments: .env.local

   Creating an optimized production build ...
 ✓ Compiled successfully in 1443.3ms
   Skipping validation of types
   Collecting page data using 1 worker ...
   Generating static pages using 1 worker (0/6) ...
   Generating static pages using 1 worker (1/6) 
   Generating static pages using 1 worker (2/6) 
   Generating static pages using 1 worker (4/6) 
 ✓ Generating static pages using 1 worker (6/6) in 241.7ms
   Finalizing page optimization ...
   Collecting build traces ...

Route (app)
┌ ○ /
├ ○ /_not-found
├ ƒ /api/auth/google
├ ƒ /api/generate
└ ƒ /auth/callback


○  (Static)   prerendered as static content
ƒ  (Dynamic)  server-rendered on demand

